\BOOKMARK [0][-]{section*.2}{\376\377\000R\000e\000s\000u\000m\000o}{}% 1
\BOOKMARK [0][-]{section*.3}{\376\377\000A\000b\000s\000t\000r\000a\000c\000t}{}% 2
\BOOKMARK [0][-]{section*.4}{\376\377\000G\000r\000a\000p\000h\000i\000c\000a\000l\000\040\000A\000b\000s\000t\000r\000a\000c\000t}{}% 3
\BOOKMARK [0][-]{chapter*.7}{\376\377\000A\000c\000k\000n\000o\000w\000l\000e\000d\000g\000e\000s}{}% 4
\BOOKMARK [0][-]{chapter*.9}{\376\377\000P\000u\000b\000l\000i\000c\000a\000t\000i\000o\000n\000s}{}% 5
\BOOKMARK [0][-]{chapter*.11}{\376\377\000P\000r\000o\000j\000e\000c\000t\000s\000\040\000D\000e\000p\000l\000o\000y\000m\000e\000n\000t}{}% 6
\BOOKMARK [0][-]{.0}{\376\377\000C\000o\000n\000t\000e\000n\000t\000s}{}% 7
\BOOKMARK [0][-]{section*.14}{\376\377\000L\000i\000s\000t\000\040\000o\000f\000\040\000T\000a\000b\000l\000e\000s}{}% 8
\BOOKMARK [0][-]{section*.15}{\376\377\000L\000i\000s\000t\000\040\000o\000f\000\040\000F\000i\000g\000u\000r\000e\000s}{}% 9
\BOOKMARK [0][-]{chapter*.20}{\376\377\000G\000l\000o\000s\000s\000a\000r\000y\000,\000\040\000a\000c\000r\000o\000n\000y\000m\000s\000\040\000a\000n\000d\000\040\000a\000b\000b\000r\000e\000v\000i\000a\000t\000i\000o\000n\000s}{}% 10
\BOOKMARK [0][-]{chapter.1}{\376\377\000I\000n\000t\000r\000o\000d\000u\000c\000t\000i\000o\000n}{}% 11
\BOOKMARK [1][-]{section.1.1}{\376\377\000C\000o\000n\000t\000e\000x\000t}{chapter.1}% 12
\BOOKMARK [1][-]{section.1.2}{\376\377\000M\000o\000t\000i\000v\000a\000t\000i\000o\000n}{chapter.1}% 13
\BOOKMARK [1][-]{section.1.3}{\376\377\000G\000o\000a\000l\000s}{chapter.1}% 14
\BOOKMARK [1][-]{section.1.4}{\376\377\000T\000h\000e\000s\000i\000s\000\040\000O\000r\000g\000a\000n\000i\000s\000a\000t\000i\000o\000n}{chapter.1}% 15
\BOOKMARK [0][-]{chapter.2}{\376\377\000T\000e\000c\000h\000n\000i\000c\000a\000l\000\040\000a\000n\000d\000\040\000T\000h\000e\000o\000r\000e\000t\000i\000c\000a\000l\000\040\000B\000a\000c\000k\000g\000r\000o\000u\000n\000d}{}% 16
\BOOKMARK [1][-]{section.2.1}{\376\377\000G\000r\000i\000p\000p\000e\000r\000\040\000T\000e\000c\000h\000n\000o\000l\000o\000g\000i\000e\000s}{chapter.2}% 17
\BOOKMARK [1][-]{section.2.2}{\376\377\000M\000u\000l\000t\000i\000-\000F\000i\000n\000g\000e\000r\000e\000d\000\040\000G\000r\000a\000s\000p\000i\000n\000g}{chapter.2}% 18
\BOOKMARK [1][-]{section.2.3}{\376\377\000S\000i\000m\000u\000l\000a\000t\000e\000d\000\040\000A\000n\000n\000e\000a\000l\000i\000n\000g\000\040\000G\000r\000a\000s\000p\000i\000n\000g}{chapter.2}% 19
\BOOKMARK [0][-]{chapter.3}{\376\377\000R\000e\000l\000a\000t\000e\000d\000\040\000W\000o\000r\000k}{}% 20
\BOOKMARK [1][-]{section.3.1}{\376\377\000G\000r\000a\000s\000p\000i\000n\000g\000\040\000R\000e\000p\000r\000e\000s\000e\000n\000t\000a\000t\000i\000o\000n}{chapter.3}% 21
\BOOKMARK [1][-]{section.3.2}{\376\377\000R\000o\000b\000o\000t\000i\000c\000\040\000G\000r\000a\000s\000p\000i\000n\000g\000\040\000A\000p\000p\000r\000o\000a\000c\000h\000e\000s}{chapter.3}% 22
\BOOKMARK [2][-]{subsection.3.2.1}{\376\377\000A\000n\000a\000l\000y\000t\000i\000c\000a\000l\000\040\000M\000e\000t\000h\000o\000d\000s}{section.3.2}% 23
\BOOKMARK [2][-]{subsection.3.2.2}{\376\377\000D\000a\000t\000a\000-\000D\000r\000i\000v\000e\000n\000\040\000G\000r\000a\000s\000p\000i\000n\000g\000\040\000a\000n\000d\000\040\000L\000e\000a\000r\000n\000i\000n\000g\000\040\000P\000o\000l\000i\000c\000i\000e\000s}{section.3.2}% 24
\BOOKMARK [2][-]{subsection.3.2.3}{\376\377\000D\000e\000e\000p\000\040\000L\000e\000a\000r\000n\000i\000n\000g\000\040\000G\000r\000a\000s\000p\000i\000n\000g\000\040\000P\000o\000l\000i\000c\000i\000e\000s}{section.3.2}% 25
\BOOKMARK [1][-]{section.3.3}{\376\377\000C\000o\000n\000c\000l\000u\000s\000i\000o\000n}{chapter.3}% 26
\BOOKMARK [0][-]{chapter.4}{\376\377\000G\000r\000a\000s\000p\000i\000n\000g\000\040\000E\000v\000a\000l\000u\000a\000t\000i\000o\000n\000\040\000P\000r\000o\000p\000o\000s\000a\000l}{}% 27
\BOOKMARK [1][-]{section.4.1}{\376\377\000G\000r\000a\000s\000p\000i\000n\000g\000\040\000P\000r\000e\000d\000i\000c\000t\000i\000o\000n\000\040\000S\000u\000c\000c\000e\000s\000s\000\040\000R\000a\000t\000e}{chapter.4}% 28
\BOOKMARK [1][-]{section.4.2}{\376\377\000G\000r\000a\000s\000p\000i\000n\000g\000\040\000R\000e\000a\000c\000h\000i\000n\000g\000\040\000S\000u\000c\000c\000e\000s\000s\000\040\000R\000a\000t\000e}{chapter.4}% 29
\BOOKMARK [1][-]{section.4.3}{\376\377\000G\000r\000a\000s\000p\000i\000n\000g\000-\000H\000o\000l\000d\000\040\000S\000u\000c\000c\000e\000s\000s\000\040\000R\000a\000t\000e}{chapter.4}% 30
\BOOKMARK [1][-]{section.4.4}{\376\377\000H\000a\000n\000d\000l\000i\000n\000g\000\040\000G\000r\000a\000s\000p\000i\000n\000g\000\040\000S\000u\000c\000c\000e\000s\000s\000\040\000R\000a\000t\000e}{chapter.4}% 31
\BOOKMARK [1][-]{section.4.5}{\376\377\000D\000i\000s\000c\000u\000s\000s\000i\000o\000n}{chapter.4}% 32
\BOOKMARK [0][-]{chapter.5}{\376\377\000M\000o\000d\000u\000l\000a\000r\000\040\000G\000r\000a\000s\000p\000i\000n\000g\000\040\000P\000i\000p\000e\000l\000i\000n\000e\000\040\000A\000r\000c\000h\000i\000t\000e\000c\000t\000u\000r\000e}{}% 33
\BOOKMARK [1][-]{section.5.1}{\376\377\000G\000r\000a\000s\000p\000i\000n\000g\000\040\000S\000y\000n\000t\000h\000e\000s\000i\000s}{chapter.5}% 34
\BOOKMARK [2][-]{subsection.5.1.1}{\376\377\000G\000r\000a\000s\000p\000i\000n\000g\000\040\000D\000a\000t\000a\000s\000e\000t\000\040\000S\000t\000a\000n\000d\000a\000r\000d}{section.5.1}% 35
\BOOKMARK [2][-]{subsection.5.1.2}{\376\377\000`\000`\000G\000r\000a\000s\000p\000I\000t\000"\000\040\000I\000n\000t\000e\000r\000f\000a\000c\000e}{section.5.1}% 36
\BOOKMARK [2][-]{subsection.5.1.3}{\376\377\000M\000i\000m\000i\000c\000\040\000G\000r\000a\000s\000p\000i\000n\000g\000\040\000M\000o\000d\000u\000l\000e}{section.5.1}% 37
\BOOKMARK [2][-]{subsection.5.1.4}{\376\377\000P\000o\000s\000t\000-\000P\000r\000o\000c\000e\000s\000s\000o\000r\000\040\000P\000i\000p\000e\000l\000i\000n\000e}{section.5.1}% 38
\BOOKMARK [1][-]{section.5.2}{\376\377\000G\000r\000a\000s\000p\000i\000n\000g\000\040\000S\000e\000l\000e\000c\000t\000i\000o\000n}{chapter.5}% 39
\BOOKMARK [2][-]{subsection.5.2.1}{\376\377\000D\000e\000p\000t\000h\000\040\000D\000i\000s\000t\000a\000n\000c\000e\000\040\000S\000c\000o\000r\000e\000r}{section.5.2}% 40
\BOOKMARK [2][-]{subsection.5.2.2}{\376\377\000E\000u\000c\000l\000i\000d\000e\000a\000n\000\040\000D\000i\000s\000t\000a\000n\000c\000e\000\040\000S\000c\000o\000r\000e\000r}{section.5.2}% 41
\BOOKMARK [2][-]{subsection.5.2.3}{\376\377\000C\000e\000n\000t\000e\000r\000\040\000o\000f\000\040\000G\000r\000a\000v\000i\000t\000y\000\040\000D\000i\000s\000t\000a\000n\000c\000e\000\040\000S\000c\000o\000r\000e\000r}{section.5.2}% 42
\BOOKMARK [2][-]{subsection.5.2.4}{\376\377\000C\000e\000n\000t\000e\000r\000\040\000o\000f\000\040\000B\000o\000u\000n\000d\000i\000n\000g\000\040\000B\000o\000x\000\040\000D\000i\000s\000t\000a\000n\000c\000e\000\040\000S\000c\000o\000r\000e\000r}{section.5.2}% 43
\BOOKMARK [2][-]{subsection.5.2.5}{\376\377\000R\000o\000l\000l\000\040\000D\000i\000s\000t\000a\000n\000c\000e\000\040\000S\000c\000o\000r\000e\000r}{section.5.2}% 44
\BOOKMARK [2][-]{subsection.5.2.6}{\376\377\000P\000i\000t\000c\000h\000\040\000D\000i\000s\000t\000a\000n\000c\000e\000\040\000S\000c\000o\000r\000e\000r}{section.5.2}% 45
\BOOKMARK [2][-]{subsection.5.2.7}{\376\377\000Y\000a\000w\000\040\000D\000i\000s\000t\000a\000n\000c\000e\000\040\000S\000c\000o\000r\000e\000r}{section.5.2}% 46
\BOOKMARK [2][-]{subsection.5.2.8}{\376\377\000J\000o\000i\000n\000t\000\040\000S\000p\000a\000c\000e\000\040\000F\000i\000l\000t\000e\000r}{section.5.2}% 47
\BOOKMARK [2][-]{subsection.5.2.9}{\376\377\000W\000o\000r\000k\000s\000p\000a\000c\000e\000\040\000F\000i\000l\000t\000e\000r}{section.5.2}% 48
\BOOKMARK [2][-]{subsection.5.2.10}{\376\377\000C\000o\000l\000l\000i\000s\000i\000o\000n\000\040\000F\000i\000l\000t\000e\000r}{section.5.2}% 49
\BOOKMARK [0][-]{chapter.6}{\376\377\000P\000r\000o\000p\000o\000s\000a\000l\000\040\000V\000a\000l\000i\000d\000a\000t\000i\000o\000n}{}% 50
\BOOKMARK [1][-]{section.6.1}{\376\377\000R\000\046\000D\000\040\000C\000o\000n\000t\000e\000x\000t}{chapter.6}% 51
\BOOKMARK [1][-]{section.6.2}{\376\377\000G\000r\000a\000s\000p\000i\000n\000g\000\040\000A\000r\000c\000h\000i\000t\000e\000c\000t\000u\000r\000e\000\040\000E\000v\000a\000l\000u\000a\000t\000i\000o\000n}{chapter.6}% 52
\BOOKMARK [1][-]{section.6.3}{\376\377\000M\000i\000m\000i\000c\000\040\000G\000r\000a\000s\000p\000i\000n\000g\000\040\000E\000v\000a\000l\000u\000a\000t\000i\000o\000n}{chapter.6}% 53
\BOOKMARK [0][-]{chapter.7}{\376\377\000C\000o\000n\000c\000l\000u\000s\000i\000o\000n\000\040\000a\000n\000d\000\040\000F\000u\000t\000u\000r\000e\000\040\000W\000o\000r\000k}{}% 54
\BOOKMARK [1][-]{section.7.1}{\376\377\000C\000o\000n\000c\000l\000u\000s\000i\000o\000n}{chapter.7}% 55
\BOOKMARK [1][-]{section.7.2}{\376\377\000F\000u\000t\000u\000r\000e\000\040\000W\000o\000r\000k}{chapter.7}% 56
\BOOKMARK [0][-]{appendix.A}{\376\377\000A\000p\000p\000e\000n\000d\000i\000x}{}% 57
\BOOKMARK [1][-]{subsection.A.0.1}{\376\377\000G\000r\000a\000s\000p\000i\000n\000g\000\040\000P\000i\000p\000e\000l\000i\000n\000e\000\040\000C\000o\000n\000f\000i\000g\000u\000r\000a\000t\000i\000o\000n\000s}{appendix.A}% 58
\BOOKMARK [0][-]{appendix.B}{\376\377\000A\000p\000p\000e\000n\000d\000i\000x}{}% 59
\BOOKMARK [1][-]{subsection.B.0.1}{\376\377\000H\000a\000n\000d\000l\000e\000r\000\040\000T\000o\000o\000l\000\040\000E\000l\000e\000c\000t\000r\000o\000n\000i\000c\000\040\000S\000c\000h\000e\000m\000a\000t\000i\000c}{appendix.B}% 60
